2021-04-28 21:23:18.493  INFO 14024 --- [main] org.unibl.etf.pisio.am.AmApplication     : Starting AmApplication using Java 11.0.4 on DZOKS-LENOVO-PC with PID 14024 (C:\Users\turja\Documents\ETF\am\target\classes started by turja in C:\Users\turja\Documents\ETF\am)
2021-04-28 21:23:18.498  INFO 14024 --- [main] org.unibl.etf.pisio.am.AmApplication     : No active profile set, falling back to default profiles: default
2021-04-28 21:23:19.088  INFO 14024 --- [main] .s.d.r.c.RepositoryConfigurationDelegate : Bootstrapping Spring Data JPA repositories in DEFAULT mode.
2021-04-28 21:23:19.158  INFO 14024 --- [main] .s.d.r.c.RepositoryConfigurationDelegate : Finished Spring Data repository scanning in 57 ms. Found 4 JPA repository interfaces.
2021-04-28 21:23:19.527  INFO 14024 --- [main] o.s.b.w.embedded.tomcat.TomcatWebServer  : Tomcat initialized with port(s): 9000 (http)
2021-04-28 21:23:19.538  INFO 14024 --- [main] o.apache.catalina.core.StandardService   : Starting service [Tomcat]
2021-04-28 21:23:19.538  INFO 14024 --- [main] org.apache.catalina.core.StandardEngine  : Starting Servlet engine: [Apache Tomcat/9.0.44]
2021-04-28 21:23:19.609  INFO 14024 --- [main] o.a.c.c.C.[Tomcat].[localhost].[/]       : Initializing Spring embedded WebApplicationContext
2021-04-28 21:23:19.609  INFO 14024 --- [main] w.s.c.ServletWebServerApplicationContext : Root WebApplicationContext: initialization completed in 1067 ms
2021-04-28 21:23:19.728  INFO 14024 --- [main] com.zaxxer.hikari.HikariDataSource       : HikariPool-1 - Starting...
2021-04-28 21:23:19.883  INFO 14024 --- [main] com.zaxxer.hikari.HikariDataSource       : HikariPool-1 - Start completed.
2021-04-28 21:23:19.927  INFO 14024 --- [main] o.hibernate.jpa.internal.util.LogHelper  : HHH000204: Processing PersistenceUnitInfo [name: default]
2021-04-28 21:23:19.958  INFO 14024 --- [main] org.hibernate.Version                    : HHH000412: Hibernate ORM core version 5.4.29.Final
2021-04-28 21:23:20.072  INFO 14024 --- [main] o.hibernate.annotations.common.Version   : HCANN000001: Hibernate Commons Annotations {5.1.2.Final}
2021-04-28 21:23:20.183  INFO 14024 --- [main] org.hibernate.dialect.Dialect            : HHH000400: Using dialect: org.hibernate.dialect.MySQL57Dialect
2021-04-28 21:23:20.688  INFO 14024 --- [main] o.h.e.t.j.p.i.JtaPlatformInitiator       : HHH000490: Using JtaPlatform implementation: [org.hibernate.engine.transaction.jta.platform.internal.NoJtaPlatform]
2021-04-28 21:23:20.698  INFO 14024 --- [main] j.LocalContainerEntityManagerFactoryBean : Initialized JPA EntityManagerFactory for persistence unit 'default'
2021-04-28 21:23:21.152  WARN 14024 --- [main] JpaBaseConfiguration$JpaWebConfiguration : spring.jpa.open-in-view is enabled by default. Therefore, database queries may be performed during view rendering. Explicitly configure spring.jpa.open-in-view to disable this warning
2021-04-28 21:23:21.233  INFO 14024 --- [main] o.s.s.concurrent.ThreadPoolTaskExecutor  : Initializing ExecutorService 'applicationTaskExecutor'
2021-04-28 21:23:21.418  INFO 14024 --- [main] o.s.b.w.embedded.tomcat.TomcatWebServer  : Tomcat started on port(s): 9000 (http) with context path ''
2021-04-28 21:23:21.428  INFO 14024 --- [main] org.unibl.etf.pisio.am.AmApplication     : Started AmApplication in 3.378 seconds (JVM running for 4.22)
2021-04-28 21:23:51.825  INFO 14024 --- [http-nio-9000-exec-1] o.a.c.c.C.[Tomcat].[localhost].[/]       : Initializing Spring DispatcherServlet 'dispatcherServlet'
2021-04-28 21:23:51.827  INFO 14024 --- [http-nio-9000-exec-1] o.s.web.servlet.DispatcherServlet        : Initializing Servlet 'dispatcherServlet'
2021-04-28 21:23:51.828  INFO 14024 --- [http-nio-9000-exec-1] o.s.web.servlet.DispatcherServlet        : Completed initialization in 1 ms
2021-04-28 21:24:49.867  INFO 7180 --- [main] org.unibl.etf.pisio.am.AmApplication     : Starting AmApplication using Java 11.0.4 on DZOKS-LENOVO-PC with PID 7180 (C:\Users\turja\Documents\ETF\am\target\classes started by turja in C:\Users\turja\Documents\ETF\am)
2021-04-28 21:24:49.867  INFO 7180 --- [main] org.unibl.etf.pisio.am.AmApplication     : No active profile set, falling back to default profiles: default
2021-04-28 21:24:50.432  INFO 7180 --- [main] .s.d.r.c.RepositoryConfigurationDelegate : Bootstrapping Spring Data JPA repositories in DEFAULT mode.
2021-04-28 21:24:50.493  INFO 7180 --- [main] .s.d.r.c.RepositoryConfigurationDelegate : Finished Spring Data repository scanning in 57 ms. Found 4 JPA repository interfaces.
2021-04-28 21:24:50.868  INFO 7180 --- [main] o.s.b.w.embedded.tomcat.TomcatWebServer  : Tomcat initialized with port(s): 9000 (http)
2021-04-28 21:24:50.872  INFO 7180 --- [main] o.apache.catalina.core.StandardService   : Starting service [Tomcat]
2021-04-28 21:24:50.872  INFO 7180 --- [main] org.apache.catalina.core.StandardEngine  : Starting Servlet engine: [Apache Tomcat/9.0.44]
2021-04-28 21:24:50.942  INFO 7180 --- [main] o.a.c.c.C.[Tomcat].[localhost].[/]       : Initializing Spring embedded WebApplicationContext
2021-04-28 21:24:50.942  INFO 7180 --- [main] w.s.c.ServletWebServerApplicationContext : Root WebApplicationContext: initialization completed in 1019 ms
2021-04-28 21:24:51.063  INFO 7180 --- [main] com.zaxxer.hikari.HikariDataSource       : HikariPool-1 - Starting...
2021-04-28 21:24:51.213  INFO 7180 --- [main] com.zaxxer.hikari.HikariDataSource       : HikariPool-1 - Start completed.
2021-04-28 21:24:51.263  INFO 7180 --- [main] o.hibernate.jpa.internal.util.LogHelper  : HHH000204: Processing PersistenceUnitInfo [name: default]
2021-04-28 21:24:51.297  INFO 7180 --- [main] org.hibernate.Version                    : HHH000412: Hibernate ORM core version 5.4.29.Final
2021-04-28 21:24:51.403  INFO 7180 --- [main] o.hibernate.annotations.common.Version   : HCANN000001: Hibernate Commons Annotations {5.1.2.Final}
2021-04-28 21:24:51.493  INFO 7180 --- [main] org.hibernate.dialect.Dialect            : HHH000400: Using dialect: org.hibernate.dialect.MySQL57Dialect
2021-04-28 21:24:51.953  INFO 7180 --- [main] o.h.e.t.j.p.i.JtaPlatformInitiator       : HHH000490: Using JtaPlatform implementation: [org.hibernate.engine.transaction.jta.platform.internal.NoJtaPlatform]
2021-04-28 21:24:51.963  INFO 7180 --- [main] j.LocalContainerEntityManagerFactoryBean : Initialized JPA EntityManagerFactory for persistence unit 'default'
2021-04-28 21:24:52.413  WARN 7180 --- [main] JpaBaseConfiguration$JpaWebConfiguration : spring.jpa.open-in-view is enabled by default. Therefore, database queries may be performed during view rendering. Explicitly configure spring.jpa.open-in-view to disable this warning
2021-04-28 21:24:52.493  INFO 7180 --- [main] o.s.s.concurrent.ThreadPoolTaskExecutor  : Initializing ExecutorService 'applicationTaskExecutor'
2021-04-28 21:24:52.673  INFO 7180 --- [main] o.s.b.w.embedded.tomcat.TomcatWebServer  : Tomcat started on port(s): 9000 (http) with context path ''
2021-04-28 21:24:52.682  INFO 7180 --- [main] org.unibl.etf.pisio.am.AmApplication     : Started AmApplication in 3.232 seconds (JVM running for 4.08)
2021-04-28 21:25:01.850  INFO 7180 --- [http-nio-9000-exec-1] o.a.c.c.C.[Tomcat].[localhost].[/]       : Initializing Spring DispatcherServlet 'dispatcherServlet'
2021-04-28 21:25:01.850  INFO 7180 --- [http-nio-9000-exec-1] o.s.web.servlet.DispatcherServlet        : Initializing Servlet 'dispatcherServlet'
2021-04-28 21:25:01.850  INFO 7180 --- [http-nio-9000-exec-1] o.s.web.servlet.DispatcherServlet        : Completed initialization in 0 ms
